[INFO ] 2022-01-24 11:28:13.834 [fr.afpa.pompey.cda08.demo.App.main()] Utilitaire - cree objet -méthode <init> -ligne 36
[INFO ] 2022-01-24 11:28:13.836 [fr.afpa.pompey.cda08.demo.App.main()] Utilitaire - cree objet -méthode <init> -ligne 36
[INFO ] 2022-01-24 11:28:13.836 [fr.afpa.pompey.cda08.demo.App.main()] Utilitaire - cree objet -méthode <init> -ligne 36
[INFO ] 2022-01-24 14:11:57.824 [main] Utilitaire - cree Client -méthode <init> -ligne 39
[INFO ] 2022-01-24 14:11:57.834 [main] Utilitaire - cree Client -méthode <init> -ligne 39
[INFO ] 2022-01-24 14:11:57.836 [main] Utilitaire - cree Client -méthode <init> -ligne 39
[INFO ] 2022-01-24 14:11:57.837 [main] Utilitaire - cree Client -méthode <init> -ligne 39
[INFO ] 2022-01-24 14:19:53.484 [main] Utilitaire - cree Client -méthode <init> -ligne 39
[INFO ] 2022-01-24 14:19:53.504 [main] Utilitaire - cree Client -méthode <init> -ligne 39
[INFO ] 2022-01-24 14:19:53.505 [main] Utilitaire - cree Client -méthode <init> -ligne 39
[INFO ] 2022-01-24 14:19:53.506 [main] Utilitaire - cree Client -méthode <init> -ligne 39
[INFO ] 2022-01-24 14:20:03.831 [main] Utilitaire - cree Client -méthode <init> -ligne 39
[INFO ] 2022-01-24 14:20:03.841 [main] Utilitaire - cree Client -méthode <init> -ligne 39
[INFO ] 2022-01-24 14:20:03.843 [main] Utilitaire - cree Client -méthode <init> -ligne 39
[INFO ] 2022-01-24 14:20:03.844 [main] Utilitaire - cree Client -méthode <init> -ligne 39
[INFO ] 2022-01-24 14:56:01.290 [main] Utilitaire - cree Client -méthode <init> -ligne 39
[INFO ] 2022-01-24 14:56:01.301 [main] Utilitaire - cree Client -méthode <init> -ligne 39
[INFO ] 2022-01-24 14:56:01.302 [main] Utilitaire - cree Client -méthode <init> -ligne 39
[INFO ] 2022-01-24 14:56:01.303 [main] Utilitaire - cree Client -méthode <init> -ligne 39
[INFO ] 2022-01-24 14:58:22.731 [main] Utilitaire - cree Client -méthode <init> -ligne 39
[INFO ] 2022-01-24 14:58:22.741 [main] Utilitaire - cree Client -méthode <init> -ligne 39
[INFO ] 2022-01-24 14:58:22.742 [main] Utilitaire - cree Client -méthode <init> -ligne 39
[INFO ] 2022-01-24 14:58:22.744 [main] Utilitaire - cree Client -méthode <init> -ligne 39
[INFO ] 2022-01-24 14:58:43.391 [main] Utilitaire - cree Client -méthode <init> -ligne 39
[INFO ] 2022-01-24 14:58:43.401 [main] Utilitaire - cree Client -méthode <init> -ligne 39
[INFO ] 2022-01-24 14:58:43.402 [main] Utilitaire - cree Client -méthode <init> -ligne 39
[INFO ] 2022-01-24 14:58:43.404 [main] Utilitaire - cree Client -méthode <init> -ligne 39
[INFO ] 2022-01-24 15:02:03.883 [main] Utilitaire - cree Client -méthode <init> -ligne 39
[INFO ] 2022-01-24 15:02:03.893 [main] Utilitaire - cree Client -méthode <init> -ligne 39
[INFO ] 2022-01-24 15:02:03.894 [main] Utilitaire - cree Client -méthode <init> -ligne 39
[INFO ] 2022-01-24 15:02:03.896 [main] Utilitaire - cree Client -méthode <init> -ligne 39
[INFO ] 2022-01-24 15:28:31.350 [main] Utilitaire - cree Client -méthode <init> -ligne 39
[INFO ] 2022-01-24 15:28:31.360 [main] Utilitaire - cree Client -méthode <init> -ligne 39
[INFO ] 2022-01-24 15:28:31.361 [main] Utilitaire - cree Client -méthode <init> -ligne 39
[INFO ] 2022-01-24 15:28:31.363 [main] Utilitaire - cree Client -méthode <init> -ligne 39
[INFO ] 2022-01-24 16:47:20.915 [main] Utilitaire - cree Client -méthode <init> -ligne 39
[INFO ] 2022-01-24 16:47:20.925 [main] Utilitaire - cree Client -méthode <init> -ligne 39
[INFO ] 2022-01-24 16:47:20.926 [main] Utilitaire - cree Client -méthode <init> -ligne 39
[INFO ] 2022-01-24 16:47:20.927 [main] Utilitaire - cree Client -méthode <init> -ligne 39
[INFO ] 2022-01-24 16:47:42.830 [fr.afpa.pompey.cda08.demo.App.main()] Utilitaire - cree Client -méthode <init> -ligne 36
[INFO ] 2022-01-24 16:47:42.832 [fr.afpa.pompey.cda08.demo.App.main()] Utilitaire - cree Client -méthode <init> -ligne 36
[INFO ] 2022-01-24 16:47:42.832 [fr.afpa.pompey.cda08.demo.App.main()] Utilitaire - cree Client -méthode <init> -ligne 36
[INFO ] 2022-01-24 16:47:42.835 [fr.afpa.pompey.cda08.demo.App.main()] Utilitaire - cree Client -méthode <init> -ligne 39
[INFO ] 2022-01-24 16:47:42.835 [fr.afpa.pompey.cda08.demo.App.main()] Utilitaire - cree Client -méthode <init> -ligne 39
[INFO ] 2022-01-24 16:47:42.835 [fr.afpa.pompey.cda08.demo.App.main()] Utilitaire - cree Client -méthode <init> -ligne 39
[INFO ] 2022-01-24 19:08:47.408 [main] Utilitaire - cree Client -méthode <init> -ligne 39
[INFO ] 2022-01-24 19:08:47.580 [main] Utilitaire - cree Client -méthode <init> -ligne 39
[INFO ] 2022-01-24 19:08:47.595 [main] Utilitaire - cree Client -méthode <init> -ligne 39
[INFO ] 2022-01-24 19:08:47.595 [main] Utilitaire - cree Client -méthode <init> -ligne 39
[INFO ] 2022-01-24 19:09:33.592 [main] Utilitaire - cree Client -méthode <init> -ligne 39
[INFO ] 2022-01-24 19:09:33.623 [main] Utilitaire - cree Client -méthode <init> -ligne 39
[INFO ] 2022-01-24 19:09:33.623 [main] Utilitaire - cree Client -méthode <init> -ligne 39
[INFO ] 2022-01-24 19:09:33.623 [main] Utilitaire - cree Client -méthode <init> -ligne 39
[INFO ] 2022-01-25 11:42:28.199 [main] Utilitaire - cree Client -méthode <init> -ligne 39
[INFO ] 2022-01-25 11:42:28.209 [main] Utilitaire - cree Client -méthode <init> -ligne 39
[INFO ] 2022-01-25 11:42:28.210 [main] Utilitaire - cree Client -méthode <init> -ligne 39
[INFO ] 2022-01-25 11:42:28.212 [main] Utilitaire - cree Client -méthode <init> -ligne 39
[INFO ] 2022-01-25 11:48:16.550 [main] Utilitaire - cree Client -méthode <init> -ligne 39
[INFO ] 2022-01-25 11:48:16.560 [main] Utilitaire - cree Client -méthode <init> -ligne 39
[INFO ] 2022-01-25 11:48:16.561 [main] Utilitaire - cree Client -méthode <init> -ligne 39
[INFO ] 2022-01-25 11:48:16.562 [main] Utilitaire - cree Client -méthode <init> -ligne 39
[INFO ] 2022-01-25 11:53:35.783 [fr.afpa.pompey.cda08.demo.App.main()] Utilitaire - cree Client -méthode <init> -ligne 36
[INFO ] 2022-01-25 11:53:35.785 [fr.afpa.pompey.cda08.demo.App.main()] Utilitaire - cree Client -méthode <init> -ligne 36
[INFO ] 2022-01-25 11:53:35.786 [fr.afpa.pompey.cda08.demo.App.main()] Utilitaire - cree Client -méthode <init> -ligne 36
[INFO ] 2022-01-25 11:53:35.789 [fr.afpa.pompey.cda08.demo.App.main()] Utilitaire - cree Client -méthode <init> -ligne 39
[INFO ] 2022-01-25 11:53:35.789 [fr.afpa.pompey.cda08.demo.App.main()] Utilitaire - cree Client -méthode <init> -ligne 39
[INFO ] 2022-01-25 11:53:35.789 [fr.afpa.pompey.cda08.demo.App.main()] Utilitaire - cree Client -méthode <init> -ligne 39
[INFO ] 2022-01-25 11:54:15.520 [main] Utilitaire - cree Client -méthode <init> -ligne 39
[INFO ] 2022-01-25 11:54:15.530 [main] Utilitaire - cree Client -méthode <init> -ligne 39
[INFO ] 2022-01-25 11:54:15.532 [main] Utilitaire - cree Client -méthode <init> -ligne 39
[INFO ] 2022-01-25 11:54:15.533 [main] Utilitaire - cree Client -méthode <init> -ligne 39
[INFO ] 2022-01-25 11:56:44.153 [main] Utilitaire - cree Client -méthode <init> -ligne 39
[INFO ] 2022-01-25 11:56:44.163 [main] Utilitaire - cree Client -méthode <init> -ligne 39
[INFO ] 2022-01-25 11:56:44.164 [main] Utilitaire - cree Client -méthode <init> -ligne 39
[INFO ] 2022-01-25 11:56:44.165 [main] Utilitaire - cree Client -méthode <init> -ligne 39
[INFO ] 2022-01-25 13:25:58.564 [main] Utilitaire - cree Client -méthode <init> -ligne 39
[INFO ] 2022-01-25 13:25:58.574 [main] Utilitaire - cree Client -méthode <init> -ligne 39
[INFO ] 2022-01-25 13:25:58.575 [main] Utilitaire - cree Client -méthode <init> -ligne 39
[INFO ] 2022-01-25 13:25:58.576 [main] Utilitaire - cree Client -méthode <init> -ligne 39
[INFO ] 2022-01-25 15:30:26.965 [main] Utilitaire - cree Client -méthode <init> -ligne 39
[INFO ] 2022-01-25 15:30:26.975 [main] Utilitaire - cree Client -méthode <init> -ligne 39
[INFO ] 2022-01-25 15:30:26.976 [main] Utilitaire - cree Client -méthode <init> -ligne 39
[INFO ] 2022-01-25 15:30:26.978 [main] Utilitaire - cree Client -méthode <init> -ligne 39
[INFO ] 2022-01-25 15:30:54.071 [fr.afpa.pompey.cda08.demo.App.main()] Utilitaire - cree Client -méthode <init> -ligne 36
[INFO ] 2022-01-25 15:30:54.073 [fr.afpa.pompey.cda08.demo.App.main()] Utilitaire - cree Client -méthode <init> -ligne 36
[INFO ] 2022-01-25 15:30:54.074 [fr.afpa.pompey.cda08.demo.App.main()] Utilitaire - cree Client -méthode <init> -ligne 36
[INFO ] 2022-01-25 15:30:54.077 [fr.afpa.pompey.cda08.demo.App.main()] Utilitaire - cree Client -méthode <init> -ligne 39
[INFO ] 2022-01-25 15:30:54.077 [fr.afpa.pompey.cda08.demo.App.main()] Utilitaire - cree Client -méthode <init> -ligne 39
[INFO ] 2022-01-25 15:30:54.077 [fr.afpa.pompey.cda08.demo.App.main()] Utilitaire - cree Client -méthode <init> -ligne 39
[INFO ] 2022-01-25 15:31:09.428 [Thread-1] Utilitaire - Database fermée -méthode run -ligne 37
[INFO ] 2022-01-25 16:45:30.476 [main] Utilitaire - cree Client -méthode <init> -ligne 39
[INFO ] 2022-01-25 16:45:30.487 [main] Utilitaire - cree Client -méthode <init> -ligne 39
[INFO ] 2022-01-25 16:45:30.489 [main] Utilitaire - cree Client -méthode <init> -ligne 39
[INFO ] 2022-01-25 16:45:30.491 [main] Utilitaire - cree Client -méthode <init> -ligne 39
[INFO ] 2022-01-25 16:45:53.926 [fr.afpa.pompey.cda08.demo.App.main()] Utilitaire - cree Client -méthode <init> -ligne 36
[INFO ] 2022-01-25 16:45:53.928 [fr.afpa.pompey.cda08.demo.App.main()] Utilitaire - cree Client -méthode <init> -ligne 36
[INFO ] 2022-01-25 16:45:53.928 [fr.afpa.pompey.cda08.demo.App.main()] Utilitaire - cree Client -méthode <init> -ligne 36
[INFO ] 2022-01-25 16:45:53.931 [fr.afpa.pompey.cda08.demo.App.main()] Utilitaire - cree Client -méthode <init> -ligne 39
[INFO ] 2022-01-25 16:45:53.931 [fr.afpa.pompey.cda08.demo.App.main()] Utilitaire - cree Client -méthode <init> -ligne 39
[INFO ] 2022-01-25 16:45:53.932 [fr.afpa.pompey.cda08.demo.App.main()] Utilitaire - cree Client -méthode <init> -ligne 39
[INFO ] 2022-01-25 18:34:43.425 [main] Utilitaire - cree Client -méthode <init> -ligne 39
[INFO ] 2022-01-25 18:34:43.458 [main] Utilitaire - cree Client -méthode <init> -ligne 39
[INFO ] 2022-01-25 18:34:43.462 [main] Utilitaire - cree Client -méthode <init> -ligne 39
[INFO ] 2022-01-25 18:34:43.466 [main] Utilitaire - cree Client -méthode <init> -ligne 39
[INFO ] 2022-01-25 18:34:57.158 [main] Utilitaire - cree Client -méthode <init> -ligne 39
[INFO ] 2022-01-25 18:34:57.190 [main] Utilitaire - cree Client -méthode <init> -ligne 39
[INFO ] 2022-01-25 18:34:57.198 [main] Utilitaire - cree Client -méthode <init> -ligne 39
[INFO ] 2022-01-25 18:34:57.202 [main] Utilitaire - cree Client -méthode <init> -ligne 39
[INFO ] 2022-01-25 18:46:34.976 [main] Utilitaire - cree Client -méthode <init> -ligne 39
[INFO ] 2022-01-25 18:46:35.038 [main] Utilitaire - cree Client -méthode <init> -ligne 39
[INFO ] 2022-01-25 18:46:35.038 [main] Utilitaire - cree Client -méthode <init> -ligne 39
[INFO ] 2022-01-25 18:46:35.048 [main] Utilitaire - cree Client -méthode <init> -ligne 39
[INFO ] 2022-01-25 18:46:49.177 [main] Utilitaire - cree Client -méthode <init> -ligne 39
[INFO ] 2022-01-25 18:46:49.232 [main] Utilitaire - cree Client -méthode <init> -ligne 39
[INFO ] 2022-01-25 18:46:49.240 [main] Utilitaire - cree Client -méthode <init> -ligne 39
[INFO ] 2022-01-25 18:46:49.243 [main] Utilitaire - cree Client -méthode <init> -ligne 39
[INFO ] 2022-01-25 19:18:08.740 [main] Prospect - cree Client -méthode <init> -ligne 43
[INFO ] 2022-01-25 19:18:08.770 [main] Prospect - cree Client -méthode <init> -ligne 43
[INFO ] 2022-01-25 19:18:08.774 [main] Prospect - cree Client -méthode <init> -ligne 43
[INFO ] 2022-01-25 19:18:08.780 [main] Prospect - cree Client -méthode <init> -ligne 43
[INFO ] 2022-01-25 19:18:52.239 [main] Prospect - cree Client -méthode <init> -ligne 43
[INFO ] 2022-01-25 19:18:52.271 [main] Prospect - cree Client -méthode <init> -ligne 43
[INFO ] 2022-01-25 19:18:52.291 [main] Prospect - cree Client -méthode <init> -ligne 43
[INFO ] 2022-01-25 19:18:52.303 [main] Prospect - cree Client -méthode <init> -ligne 43
[INFO ] 2022-01-26 08:12:39.040 [main] Prospect - cree Client -méthode <init> -ligne 43
[INFO ] 2022-01-26 08:12:39.050 [main] Prospect - cree Client -méthode <init> -ligne 43
[INFO ] 2022-01-26 08:12:39.051 [main] Prospect - cree Client -méthode <init> -ligne 43
[INFO ] 2022-01-26 08:12:39.053 [main] Prospect - cree Client -méthode <init> -ligne 43
[INFO ] 2022-01-26 08:12:48.744 [main] Prospect - cree Client -méthode <init> -ligne 43
[INFO ] 2022-01-26 08:12:48.754 [main] Prospect - cree Client -méthode <init> -ligne 43
[INFO ] 2022-01-26 08:12:48.755 [main] Prospect - cree Client -méthode <init> -ligne 43
[INFO ] 2022-01-26 08:12:48.756 [main] Prospect - cree Client -méthode <init> -ligne 43
[INFO ] 2022-01-26 08:13:25.203 [fr.afpa.pompey.cda08.demo.App.main()] Client - cree Client -méthode <init> -ligne 40
[INFO ] 2022-01-26 08:13:25.205 [fr.afpa.pompey.cda08.demo.App.main()] Client - cree Client -méthode <init> -ligne 40
[INFO ] 2022-01-26 08:13:25.205 [fr.afpa.pompey.cda08.demo.App.main()] Client - cree Client -méthode <init> -ligne 40
[INFO ] 2022-01-26 08:13:25.208 [fr.afpa.pompey.cda08.demo.App.main()] Prospect - cree Client -méthode <init> -ligne 43
[INFO ] 2022-01-26 08:13:25.208 [fr.afpa.pompey.cda08.demo.App.main()] Prospect - cree Client -méthode <init> -ligne 43
[INFO ] 2022-01-26 08:13:25.208 [fr.afpa.pompey.cda08.demo.App.main()] Prospect - cree Client -méthode <init> -ligne 43
[INFO ] 2022-01-26 10:34:42.761 [main] Prospect - cree Client -méthode <init> -ligne 43
[INFO ] 2022-01-26 10:34:42.771 [main] Prospect - cree Client -méthode <init> -ligne 43
[INFO ] 2022-01-26 10:34:42.773 [main] Prospect - cree Client -méthode <init> -ligne 43
[INFO ] 2022-01-26 10:34:42.774 [main] Prospect - cree Client -méthode <init> -ligne 43
[INFO ] 2022-01-26 10:34:55.165 [fr.afpa.pompey.cda08.demo.App.main()] Client - cree Client -méthode <init> -ligne 40
[INFO ] 2022-01-26 10:34:55.167 [fr.afpa.pompey.cda08.demo.App.main()] Client - cree Client -méthode <init> -ligne 40
[INFO ] 2022-01-26 10:34:55.167 [fr.afpa.pompey.cda08.demo.App.main()] Client - cree Client -méthode <init> -ligne 40
[INFO ] 2022-01-26 10:34:55.170 [fr.afpa.pompey.cda08.demo.App.main()] Prospect - cree Client -méthode <init> -ligne 43
[INFO ] 2022-01-26 10:34:55.170 [fr.afpa.pompey.cda08.demo.App.main()] Prospect - cree Client -méthode <init> -ligne 43
[INFO ] 2022-01-26 10:34:55.170 [fr.afpa.pompey.cda08.demo.App.main()] Prospect - cree Client -méthode <init> -ligne 43
[INFO ] 2022-01-26 10:34:59.844 [AWT-EventQueue-0] Client - cree Client -méthode <init> -ligne 40
[INFO ] 2022-01-26 10:34:59.844 [AWT-EventQueue-0] Client - cree Client -méthode <init> -ligne 40
[INFO ] 2022-01-26 10:35:04.053 [AWT-EventQueue-0] Prospect - cree Client -méthode <init> -ligne 43
[INFO ] 2022-01-26 10:35:04.053 [AWT-EventQueue-0] Prospect - cree Client -méthode <init> -ligne 43
[INFO ] 2022-01-26 10:35:04.054 [AWT-EventQueue-0] Prospect - cree Client -méthode <init> -ligne 43
[INFO ] 2022-01-26 10:35:04.054 [AWT-EventQueue-0] Prospect - cree Client -méthode <init> -ligne 43
[INFO ] 2022-01-26 10:35:04.054 [AWT-EventQueue-0] Prospect - cree Client -méthode <init> -ligne 43
[INFO ] 2022-01-26 10:35:06.690 [AWT-EventQueue-0] Prospect - cree Client -méthode <init> -ligne 43
[INFO ] 2022-01-26 10:35:06.691 [AWT-EventQueue-0] Prospect - cree Client -méthode <init> -ligne 43
[INFO ] 2022-01-26 10:35:06.691 [AWT-EventQueue-0] Prospect - cree Client -méthode <init> -ligne 43
[INFO ] 2022-01-26 10:35:06.691 [AWT-EventQueue-0] Prospect - cree Client -méthode <init> -ligne 43
[INFO ] 2022-01-26 10:35:06.691 [AWT-EventQueue-0] Prospect - cree Client -méthode <init> -ligne 43
[INFO ] 2022-01-26 10:35:20.770 [AWT-EventQueue-0] Prospect - cree Client -méthode <init> -ligne 43
[INFO ] 2022-01-26 10:35:20.771 [AWT-EventQueue-0] Prospect - cree Client -méthode <init> -ligne 43
[INFO ] 2022-01-26 10:35:20.771 [AWT-EventQueue-0] Prospect - cree Client -méthode <init> -ligne 43
[INFO ] 2022-01-26 10:35:20.771 [AWT-EventQueue-0] Prospect - cree Client -méthode <init> -ligne 43
[INFO ] 2022-01-26 10:35:20.771 [AWT-EventQueue-0] Prospect - cree Client -méthode <init> -ligne 43
[INFO ] 2022-01-27 14:35:00.484 [main] Prospect - cree Client -méthode <init> -ligne 40
[INFO ] 2022-01-27 14:35:00.503 [main] Prospect - cree Client -méthode <init> -ligne 40
[INFO ] 2022-01-27 14:35:00.504 [main] Prospect - cree Client -méthode <init> -ligne 40
[INFO ] 2022-01-27 14:35:00.506 [main] Prospect - cree Client -méthode <init> -ligne 40
[INFO ] 2022-01-27 14:35:55.848 [main] Prospect - cree Client -méthode <init> -ligne 40
[INFO ] 2022-01-27 14:35:55.858 [main] Prospect - cree Client -méthode <init> -ligne 40
[INFO ] 2022-01-27 14:35:55.859 [main] Prospect - cree Client -méthode <init> -ligne 40
[INFO ] 2022-01-27 14:35:55.860 [main] Prospect - cree Client -méthode <init> -ligne 40
[INFO ] 2022-01-27 14:36:07.025 [main] Prospect - cree Client -méthode <init> -ligne 40
[INFO ] 2022-01-27 14:36:07.035 [main] Prospect - cree Client -méthode <init> -ligne 40
[INFO ] 2022-01-27 14:36:07.036 [main] Prospect - cree Client -méthode <init> -ligne 40
[INFO ] 2022-01-27 14:36:07.037 [main] Prospect - cree Client -méthode <init> -ligne 40
[INFO ] 2022-01-27 14:36:49.596 [fr.afpa.pompey.cda08.demo.App.main()] Client - cree Client -méthode <init> -ligne 37
[INFO ] 2022-01-27 14:36:49.598 [fr.afpa.pompey.cda08.demo.App.main()] Client - cree Client -méthode <init> -ligne 37
[INFO ] 2022-01-27 14:36:49.598 [fr.afpa.pompey.cda08.demo.App.main()] Client - cree Client -méthode <init> -ligne 37
[INFO ] 2022-01-27 14:36:49.598 [fr.afpa.pompey.cda08.demo.App.main()] Client - cree Client -méthode <init> -ligne 37
[INFO ] 2022-01-27 14:36:49.601 [fr.afpa.pompey.cda08.demo.App.main()] Prospect - cree Client -méthode <init> -ligne 40
[INFO ] 2022-01-27 14:36:49.602 [fr.afpa.pompey.cda08.demo.App.main()] Prospect - cree Client -méthode <init> -ligne 40
[INFO ] 2022-01-27 14:36:49.602 [fr.afpa.pompey.cda08.demo.App.main()] Prospect - cree Client -méthode <init> -ligne 40
[INFO ] 2022-01-27 14:36:50.102 [fr.afpa.pompey.cda08.demo.App.main()] ConnexionManager - connexionBD a russie -méthode conn -ligne 28
[INFO ] 2022-01-27 14:36:50.113 [fr.afpa.pompey.cda08.demo.App.main()] Client - cree Client -méthode <init> -ligne 37
[INFO ] 2022-01-27 14:36:50.113 [fr.afpa.pompey.cda08.demo.App.main()] Client - cree Client -méthode <init> -ligne 37
[INFO ] 2022-01-27 14:36:50.113 [fr.afpa.pompey.cda08.demo.App.main()] Client - cree Client -méthode <init> -ligne 37
[INFO ] 2022-01-27 14:36:50.113 [fr.afpa.pompey.cda08.demo.App.main()] Client - cree Client -méthode <init> -ligne 37
[INFO ] 2022-01-27 14:36:50.114 [fr.afpa.pompey.cda08.demo.App.main()] Client - cree Client -méthode <init> -ligne 37
[INFO ] 2022-01-27 14:36:50.114 [fr.afpa.pompey.cda08.demo.App.main()] Client - cree Client -méthode <init> -ligne 37
[INFO ] 2022-01-27 14:36:50.114 [fr.afpa.pompey.cda08.demo.App.main()] Client - cree Client -méthode <init> -ligne 37
[INFO ] 2022-01-27 14:36:50.114 [fr.afpa.pompey.cda08.demo.App.main()] Client - cree Client -méthode <init> -ligne 37
[INFO ] 2022-01-27 14:36:50.133 [fr.afpa.pompey.cda08.demo.App.main()] ConnexionManager - connexionBD a russie -méthode conn -ligne 28
[INFO ] 2022-01-27 14:36:50.135 [fr.afpa.pompey.cda08.demo.App.main()] Prospect - cree Client -méthode <init> -ligne 40
[INFO ] 2022-01-27 14:36:50.135 [fr.afpa.pompey.cda08.demo.App.main()] Prospect - cree Client -méthode <init> -ligne 40
[INFO ] 2022-01-27 14:36:50.135 [fr.afpa.pompey.cda08.demo.App.main()] Prospect - cree Client -méthode <init> -ligne 40
[INFO ] 2022-01-27 14:36:50.135 [fr.afpa.pompey.cda08.demo.App.main()] Prospect - cree Client -méthode <init> -ligne 40
[INFO ] 2022-01-27 14:36:50.136 [fr.afpa.pompey.cda08.demo.App.main()] Prospect - cree Client -méthode <init> -ligne 40
[INFO ] 2022-01-27 14:36:50.136 [fr.afpa.pompey.cda08.demo.App.main()] Prospect - cree Client -méthode <init> -ligne 40
[INFO ] 2022-01-27 14:37:07.090 [AWT-EventQueue-0] Prospect - cree Client -méthode <init> -ligne 40
[INFO ] 2022-01-27 14:37:47.818 [AWT-EventQueue-0] Client - cree Client -méthode <init> -ligne 37
[INFO ] 2022-01-27 14:37:52.026 [AWT-EventQueue-0] ConnexionManager - connexionBD a russie -méthode conn -ligne 28
[INFO ] 2022-01-27 14:38:05.978 [AWT-EventQueue-0] Client - cree Client -méthode <init> -ligne 37
[INFO ] 2022-01-27 14:38:07.338 [AWT-EventQueue-0] ConnexionManager - connexionBD a russie -méthode conn -ligne 28
[INFO ] 2022-01-27 14:38:16.154 [AWT-EventQueue-0] Client - cree Client -méthode <init> -ligne 37
[INFO ] 2022-01-27 14:38:17.069 [AWT-EventQueue-0] ConnexionManager - connexionBD a russie -méthode conn -ligne 28
[INFO ] 2022-01-27 14:41:26.254 [main] Prospect - cree Client -méthode <init> -ligne 40
[INFO ] 2022-01-27 14:41:26.264 [main] Prospect - cree Client -méthode <init> -ligne 40
[INFO ] 2022-01-27 14:41:26.265 [main] Prospect - cree Client -méthode <init> -ligne 40
[INFO ] 2022-01-27 14:41:26.267 [main] Prospect - cree Client -méthode <init> -ligne 40
[INFO ] 2022-01-27 14:51:00.246 [main] Prospect - cree Client -méthode <init> -ligne 40
[INFO ] 2022-01-27 14:51:00.256 [main] Prospect - cree Client -méthode <init> -ligne 40
[INFO ] 2022-01-27 14:51:00.258 [main] Prospect - cree Client -méthode <init> -ligne 40
[INFO ] 2022-01-27 14:51:00.260 [main] Prospect - cree Client -méthode <init> -ligne 40
[INFO ] 2022-01-27 14:51:09.755 [fr.afpa.pompey.cda08.demo.App.main()] Client - cree Client -méthode <init> -ligne 37
[INFO ] 2022-01-27 14:51:09.757 [fr.afpa.pompey.cda08.demo.App.main()] Client - cree Client -méthode <init> -ligne 37
[INFO ] 2022-01-27 14:51:09.757 [fr.afpa.pompey.cda08.demo.App.main()] Client - cree Client -méthode <init> -ligne 37
[INFO ] 2022-01-27 14:51:09.757 [fr.afpa.pompey.cda08.demo.App.main()] Client - cree Client -méthode <init> -ligne 37
[INFO ] 2022-01-27 14:51:09.760 [fr.afpa.pompey.cda08.demo.App.main()] Prospect - cree Client -méthode <init> -ligne 40
[INFO ] 2022-01-27 14:51:09.761 [fr.afpa.pompey.cda08.demo.App.main()] Prospect - cree Client -méthode <init> -ligne 40
[INFO ] 2022-01-27 14:51:09.761 [fr.afpa.pompey.cda08.demo.App.main()] Prospect - cree Client -méthode <init> -ligne 40
[INFO ] 2022-01-27 14:51:37.030 [main] Prospect - cree Client -méthode <init> -ligne 40
[INFO ] 2022-01-27 14:51:37.040 [main] Prospect - cree Client -méthode <init> -ligne 40
[INFO ] 2022-01-27 14:51:37.041 [main] Prospect - cree Client -méthode <init> -ligne 40
[INFO ] 2022-01-27 14:51:37.042 [main] Prospect - cree Client -méthode <init> -ligne 40
[INFO ] 2022-01-27 14:57:03.198 [main] Prospect - cree Client -méthode <init> -ligne 40
[INFO ] 2022-01-27 14:57:03.209 [main] Prospect - cree Client -méthode <init> -ligne 40
[INFO ] 2022-01-27 14:57:03.210 [main] Prospect - cree Client -méthode <init> -ligne 40
[INFO ] 2022-01-27 14:57:03.211 [main] Prospect - cree Client -méthode <init> -ligne 40
[INFO ] 2022-01-27 15:24:59.950 [main] Prospect - cree Client -méthode <init> -ligne 40
[INFO ] 2022-01-27 15:24:59.960 [main] Prospect - cree Client -méthode <init> -ligne 40
[INFO ] 2022-01-27 15:24:59.962 [main] Prospect - cree Client -méthode <init> -ligne 40
[INFO ] 2022-01-27 15:24:59.963 [main] Prospect - cree Client -méthode <init> -ligne 40
[INFO ] 2022-01-27 15:25:23.209 [fr.afpa.pompey.cda08.demo.App.main()] Client - cree Client -méthode <init> -ligne 37
[INFO ] 2022-01-27 15:25:23.211 [fr.afpa.pompey.cda08.demo.App.main()] Client - cree Client -méthode <init> -ligne 37
[INFO ] 2022-01-27 15:25:23.211 [fr.afpa.pompey.cda08.demo.App.main()] Client - cree Client -méthode <init> -ligne 37
[INFO ] 2022-01-27 15:25:23.211 [fr.afpa.pompey.cda08.demo.App.main()] Client - cree Client -méthode <init> -ligne 37
[INFO ] 2022-01-27 15:25:23.215 [fr.afpa.pompey.cda08.demo.App.main()] Prospect - cree Client -méthode <init> -ligne 40
[INFO ] 2022-01-27 15:25:23.215 [fr.afpa.pompey.cda08.demo.App.main()] Prospect - cree Client -méthode <init> -ligne 40
[INFO ] 2022-01-27 15:25:23.215 [fr.afpa.pompey.cda08.demo.App.main()] Prospect - cree Client -méthode <init> -ligne 40
[INFO ] 2022-01-27 15:25:23.682 [fr.afpa.pompey.cda08.demo.App.main()] ConnexionManager - connexionBD a russie -méthode conn -ligne 28
[INFO ] 2022-01-27 15:25:23.692 [fr.afpa.pompey.cda08.demo.App.main()] Client - cree Client -méthode <init> -ligne 37
[INFO ] 2022-01-27 15:25:23.693 [fr.afpa.pompey.cda08.demo.App.main()] Client - cree Client -méthode <init> -ligne 37
[INFO ] 2022-01-27 15:25:23.693 [fr.afpa.pompey.cda08.demo.App.main()] Client - cree Client -méthode <init> -ligne 37
[INFO ] 2022-01-27 15:25:23.693 [fr.afpa.pompey.cda08.demo.App.main()] Client - cree Client -méthode <init> -ligne 37
[INFO ] 2022-01-27 15:25:23.693 [fr.afpa.pompey.cda08.demo.App.main()] Client - cree Client -méthode <init> -ligne 37
[INFO ] 2022-01-27 15:25:23.693 [fr.afpa.pompey.cda08.demo.App.main()] Client - cree Client -méthode <init> -ligne 37
[INFO ] 2022-01-27 15:25:23.693 [fr.afpa.pompey.cda08.demo.App.main()] Client - cree Client -méthode <init> -ligne 37
[INFO ] 2022-01-27 15:25:23.712 [fr.afpa.pompey.cda08.demo.App.main()] ConnexionManager - connexionBD a russie -méthode conn -ligne 28
[INFO ] 2022-01-27 15:25:23.714 [fr.afpa.pompey.cda08.demo.App.main()] Prospect - cree Client -méthode <init> -ligne 40
[INFO ] 2022-01-27 15:25:23.714 [fr.afpa.pompey.cda08.demo.App.main()] Prospect - cree Client -méthode <init> -ligne 40
[INFO ] 2022-01-27 15:25:23.714 [fr.afpa.pompey.cda08.demo.App.main()] Prospect - cree Client -méthode <init> -ligne 40
[INFO ] 2022-01-27 15:25:23.714 [fr.afpa.pompey.cda08.demo.App.main()] Prospect - cree Client -méthode <init> -ligne 40
[INFO ] 2022-01-27 15:25:23.715 [fr.afpa.pompey.cda08.demo.App.main()] Prospect - cree Client -méthode <init> -ligne 40
[INFO ] 2022-01-27 15:25:23.715 [fr.afpa.pompey.cda08.demo.App.main()] Prospect - cree Client -méthode <init> -ligne 40
[INFO ] 2022-01-27 15:25:48.740 [main] Prospect - cree Client -méthode <init> -ligne 40
[INFO ] 2022-01-27 15:25:48.750 [main] Prospect - cree Client -méthode <init> -ligne 40
[INFO ] 2022-01-27 15:25:48.751 [main] Prospect - cree Client -méthode <init> -ligne 40
[INFO ] 2022-01-27 15:25:48.752 [main] Prospect - cree Client -méthode <init> -ligne 40
[INFO ] 2022-01-27 15:26:04.260 [main] Prospect - cree Client -méthode <init> -ligne 40
[INFO ] 2022-01-27 15:26:04.270 [main] Prospect - cree Client -méthode <init> -ligne 40
[INFO ] 2022-01-27 15:26:04.271 [main] Prospect - cree Client -méthode <init> -ligne 40
[INFO ] 2022-01-27 15:26:04.272 [main] Prospect - cree Client -méthode <init> -ligne 40
[INFO ] 2022-01-27 15:37:00.519 [main] Prospect - cree Client -méthode <init> -ligne 40
[INFO ] 2022-01-27 15:37:00.529 [main] Prospect - cree Client -méthode <init> -ligne 40
[INFO ] 2022-01-27 15:37:00.530 [main] Prospect - cree Client -méthode <init> -ligne 40
[INFO ] 2022-01-27 15:37:00.531 [main] Prospect - cree Client -méthode <init> -ligne 40
[INFO ] 2022-01-27 15:37:07.153 [main] Prospect - cree Client -méthode <init> -ligne 40
[INFO ] 2022-01-27 15:37:07.164 [main] Prospect - cree Client -méthode <init> -ligne 40
[INFO ] 2022-01-27 15:37:07.165 [main] Prospect - cree Client -méthode <init> -ligne 40
[INFO ] 2022-01-27 15:37:07.166 [main] Prospect - cree Client -méthode <init> -ligne 40
[INFO ] 2022-01-27 16:20:50.005 [main] Prospect - cree Client -méthode <init> -ligne 40
[INFO ] 2022-01-27 16:20:50.015 [main] Prospect - cree Client -méthode <init> -ligne 40
[INFO ] 2022-01-27 16:20:50.016 [main] Prospect - cree Client -méthode <init> -ligne 40
[INFO ] 2022-01-27 16:20:50.017 [main] Prospect - cree Client -méthode <init> -ligne 40
[INFO ] 2022-01-27 16:46:46.391 [main] Prospect - cree Client -méthode <init> -ligne 40
[INFO ] 2022-01-27 16:46:46.401 [main] Prospect - cree Client -méthode <init> -ligne 40
[INFO ] 2022-01-27 16:46:46.403 [main] Prospect - cree Client -méthode <init> -ligne 40
[INFO ] 2022-01-27 16:46:46.404 [main] Prospect - cree Client -méthode <init> -ligne 40
[INFO ] 2022-01-28 08:29:07.931 [main] Prospect - cree Client -méthode <init> -ligne 40
[INFO ] 2022-01-28 08:29:07.950 [main] Prospect - cree Client -méthode <init> -ligne 40
[INFO ] 2022-01-28 08:29:07.952 [main] Prospect - cree Client -méthode <init> -ligne 40
[INFO ] 2022-01-28 08:29:07.953 [main] Prospect - cree Client -méthode <init> -ligne 40
[INFO ] 2022-01-28 08:39:46.517 [main] Prospect - cree Client -méthode <init> -ligne 40
[INFO ] 2022-01-28 08:39:46.527 [main] Prospect - cree Client -méthode <init> -ligne 40
[INFO ] 2022-01-28 08:39:46.528 [main] Prospect - cree Client -méthode <init> -ligne 40
[INFO ] 2022-01-28 08:39:46.529 [main] Prospect - cree Client -méthode <init> -ligne 40
[INFO ] 2022-01-28 09:44:17.834 [main] Prospect - cree Client -méthode <init> -ligne 40
[INFO ] 2022-01-28 09:44:17.846 [main] Prospect - cree Client -méthode <init> -ligne 40
[INFO ] 2022-01-28 09:44:17.847 [main] Prospect - cree Client -méthode <init> -ligne 40
[INFO ] 2022-01-28 09:44:17.848 [main] Prospect - cree Client -méthode <init> -ligne 40
[INFO ] 2022-01-29 11:03:02.538 [main] Prospect - cree Client -méthode <init> -ligne 40
[INFO ] 2022-01-29 11:03:02.591 [main] Prospect - cree Client -méthode <init> -ligne 40
[INFO ] 2022-01-29 11:03:02.591 [main] Prospect - cree Client -méthode <init> -ligne 40
[INFO ] 2022-01-29 11:03:02.607 [main] Prospect - cree Client -méthode <init> -ligne 40
[INFO ] 2022-01-29 11:32:54.849 [main] Prospect - cree Client -méthode <init> -ligne 40
[INFO ] 2022-01-29 11:32:54.890 [main] Prospect - cree Client -méthode <init> -ligne 40
[INFO ] 2022-01-29 11:32:54.898 [main] Prospect - cree Client -méthode <init> -ligne 40
[INFO ] 2022-01-29 11:32:54.900 [main] Prospect - cree Client -méthode <init> -ligne 40
[INFO ] 2022-01-29 11:36:30.688 [main] Prospect - cree Client -méthode <init> -ligne 40
[INFO ] 2022-01-29 11:36:30.726 [main] Prospect - cree Client -méthode <init> -ligne 40
[INFO ] 2022-01-29 11:36:30.726 [main] Prospect - cree Client -méthode <init> -ligne 40
[INFO ] 2022-01-29 11:36:30.742 [main] Prospect - cree Client -méthode <init> -ligne 40
[INFO ] 2022-01-29 11:44:46.159 [main] Prospect - cree Client -méthode <init> -ligne 40
[INFO ] 2022-01-29 11:44:46.191 [main] Prospect - cree Client -méthode <init> -ligne 40
[INFO ] 2022-01-29 11:44:46.191 [main] Prospect - cree Client -méthode <init> -ligne 40
[INFO ] 2022-01-29 11:44:46.206 [main] Prospect - cree Client -méthode <init> -ligne 40
[INFO ] 2022-01-29 13:44:11.790 [main] Prospect - cree Client -méthode <init> -ligne 40
[INFO ] 2022-01-29 13:44:11.821 [main] Prospect - cree Client -méthode <init> -ligne 40
[INFO ] 2022-01-29 13:44:11.821 [main] Prospect - cree Client -méthode <init> -ligne 40
[INFO ] 2022-01-29 13:44:11.837 [main] Prospect - cree Client -méthode <init> -ligne 40
[INFO ] 2022-01-29 13:57:39.906 [main] Prospect - cree Client -méthode <init> -ligne 40
[INFO ] 2022-01-29 13:57:39.948 [main] Prospect - cree Client -méthode <init> -ligne 40
[INFO ] 2022-01-29 13:57:39.948 [main] Prospect - cree Client -méthode <init> -ligne 40
[INFO ] 2022-01-29 13:57:39.956 [main] Prospect - cree Client -méthode <init> -ligne 40
[INFO ] 2022-01-29 14:03:30.026 [main] Prospect - cree Client -méthode <init> -ligne 40
[INFO ] 2022-01-29 14:03:30.066 [main] Prospect - cree Client -méthode <init> -ligne 40
[INFO ] 2022-01-29 14:03:30.070 [main] Prospect - cree Client -méthode <init> -ligne 40
[INFO ] 2022-01-29 14:03:30.078 [main] Prospect - cree Client -méthode <init> -ligne 40
[INFO ] 2022-01-29 14:58:47.387 [main] Prospect - cree Client -méthode <init> -ligne 40
[INFO ] 2022-01-29 14:58:47.422 [main] Prospect - cree Client -méthode <init> -ligne 40
[INFO ] 2022-01-29 14:58:47.422 [main] Prospect - cree Client -méthode <init> -ligne 40
[INFO ] 2022-01-29 14:58:47.430 [main] Prospect - cree Client -méthode <init> -ligne 40
[INFO ] 2022-01-29 16:21:11.937 [main] Prospect - cree Client -méthode <init> -ligne 40
[INFO ] 2022-01-29 16:21:11.968 [main] Prospect - cree Client -méthode <init> -ligne 40
[INFO ] 2022-01-29 16:21:11.974 [main] Prospect - cree Client -méthode <init> -ligne 40
[INFO ] 2022-01-29 16:21:11.990 [main] Prospect - cree Client -méthode <init> -ligne 40
[INFO ] 2022-01-30 09:25:58.293 [main] Prospect - cree Client -méthode <init> -ligne 40
[INFO ] 2022-01-30 09:25:58.324 [main] Prospect - cree Client -méthode <init> -ligne 40
[INFO ] 2022-01-30 09:25:58.324 [main] Prospect - cree Client -méthode <init> -ligne 40
[INFO ] 2022-01-30 09:25:58.340 [main] Prospect - cree Client -méthode <init> -ligne 40
[INFO ] 2022-01-30 09:27:06.756 [main] Prospect - cree Client -méthode <init> -ligne 40
[INFO ] 2022-01-30 09:27:06.787 [main] Prospect - cree Client -méthode <init> -ligne 40
[INFO ] 2022-01-30 09:27:06.803 [main] Prospect - cree Client -méthode <init> -ligne 40
[INFO ] 2022-01-30 09:27:06.819 [main] Prospect - cree Client -méthode <init> -ligne 40
[INFO ] 2022-01-30 09:27:37.334 [main] Prospect - cree Client -méthode <init> -ligne 40
[INFO ] 2022-01-30 09:27:37.350 [main] Prospect - cree Client -méthode <init> -ligne 40
[INFO ] 2022-01-30 09:27:37.365 [main] Prospect - cree Client -méthode <init> -ligne 40
[INFO ] 2022-01-30 09:27:37.365 [main] Prospect - cree Client -méthode <init> -ligne 40
[INFO ] 2022-01-30 09:59:56.350 [main] Prospect - cree Client -méthode <init> -ligne 40
[INFO ] 2022-01-30 09:59:56.365 [main] Prospect - cree Client -méthode <init> -ligne 40
[INFO ] 2022-01-30 09:59:56.381 [main] Prospect - cree Client -méthode <init> -ligne 40
[INFO ] 2022-01-30 09:59:56.381 [main] Prospect - cree Client -méthode <init> -ligne 40
[INFO ] 2022-01-30 10:07:27.752 [main] Prospect - cree Client -méthode <init> -ligne 40
[INFO ] 2022-01-30 10:07:27.799 [main] Prospect - cree Client -méthode <init> -ligne 40
[INFO ] 2022-01-30 10:07:27.799 [main] Prospect - cree Client -méthode <init> -ligne 40
[INFO ] 2022-01-30 10:07:27.799 [main] Prospect - cree Client -méthode <init> -ligne 40
[INFO ] 2022-01-30 10:07:44.163 [main] Prospect - cree Client -méthode <init> -ligne 40
[INFO ] 2022-01-30 10:07:44.194 [main] Prospect - cree Client -méthode <init> -ligne 40
[INFO ] 2022-01-30 10:07:44.210 [main] Prospect - cree Client -méthode <init> -ligne 40
[INFO ] 2022-01-30 10:07:44.210 [main] Prospect - cree Client -méthode <init> -ligne 40
[INFO ] 2022-01-30 14:40:01.041 [main] Prospect - cree Client -méthode <init> -ligne 40
[INFO ] 2022-01-30 14:40:01.072 [main] Prospect - cree Client -méthode <init> -ligne 40
[INFO ] 2022-01-30 14:40:01.072 [main] Prospect - cree Client -méthode <init> -ligne 40
[INFO ] 2022-01-30 14:40:01.072 [main] Prospect - cree Client -méthode <init> -ligne 40
[INFO ] 2022-01-30 14:45:07.756 [main] Prospect - cree Client -méthode <init> -ligne 40
[INFO ] 2022-01-30 14:45:07.788 [main] Prospect - cree Client -méthode <init> -ligne 40
[INFO ] 2022-01-30 14:45:07.788 [main] Prospect - cree Client -méthode <init> -ligne 40
[INFO ] 2022-01-30 14:45:07.803 [main] Prospect - cree Client -méthode <init> -ligne 40
[INFO ] 2022-01-30 14:45:36.446 [main] Prospect - cree Client -méthode <init> -ligne 40
[INFO ] 2022-01-30 14:45:36.477 [main] Prospect - cree Client -méthode <init> -ligne 40
[INFO ] 2022-01-30 14:45:36.477 [main] Prospect - cree Client -méthode <init> -ligne 40
[INFO ] 2022-01-30 14:45:36.493 [main] Prospect - cree Client -méthode <init> -ligne 40
[INFO ] 2022-01-31 19:15:19.871 [AWT-EventQueue-0] ConnexionManager - connexionBD a russie -méthode conn -ligne 33
[INFO ] 2022-01-31 19:19:37.373 [AWT-EventQueue-0] ConnexionManager - connexionBD a russie -méthode conn -ligne 33
[INFO ] 2022-01-31 19:19:37.473 [AWT-EventQueue-0] ConnexionManager - connexionBD a russie -méthode conn -ligne 33
[INFO ] 2022-01-31 19:19:37.525 [AWT-EventQueue-0] ConnexionManager - connexionBD a russie -méthode conn -ligne 33
[INFO ] 2022-01-31 19:19:37.577 [AWT-EventQueue-0] ConnexionManager - connexionBD a russie -méthode conn -ligne 33
[INFO ] 2022-01-31 19:19:37.629 [AWT-EventQueue-0] ConnexionManager - connexionBD a russie -méthode conn -ligne 33
[INFO ] 2022-01-31 19:19:37.675 [AWT-EventQueue-0] ConnexionManager - connexionBD a russie -méthode conn -ligne 33
[INFO ] 2022-01-31 19:19:37.723 [AWT-EventQueue-0] ConnexionManager - connexionBD a russie -méthode conn -ligne 33
[INFO ] 2022-01-31 19:19:44.351 [AWT-EventQueue-0] ConnexionManager - connexionBD a russie -méthode conn -ligne 33
[INFO ] 2022-01-31 19:19:44.400 [AWT-EventQueue-0] ConnexionManager - connexionBD a russie -méthode conn -ligne 33
[INFO ] 2022-01-31 19:19:44.441 [AWT-EventQueue-0] ConnexionManager - connexionBD a russie -méthode conn -ligne 33
[INFO ] 2022-01-31 19:19:44.473 [AWT-EventQueue-0] ConnexionManager - connexionBD a russie -méthode conn -ligne 33
[INFO ] 2022-01-31 19:19:44.517 [AWT-EventQueue-0] ConnexionManager - connexionBD a russie -méthode conn -ligne 33
[INFO ] 2022-01-31 19:19:44.553 [AWT-EventQueue-0] ConnexionManager - connexionBD a russie -méthode conn -ligne 33
[INFO ] 2022-01-31 19:19:44.597 [AWT-EventQueue-0] ConnexionManager - connexionBD a russie -méthode conn -ligne 33
[INFO ] 2022-01-31 19:19:55.792 [AWT-EventQueue-0] ConnexionManager - connexionBD a russie -méthode conn -ligne 33
[INFO ] 2022-01-31 19:23:30.754 [AWT-EventQueue-0] ConnexionManager - connexionBD a russie -méthode conn -ligne 33
[INFO ] 2022-02-01 08:23:29.379 [AWT-EventQueue-0] ConnexionManager - connexionBD a russie -méthode conn -ligne 33
[INFO ] 2022-02-01 08:23:29.417 [AWT-EventQueue-0] ConnexionManager - connexionBD a russie -méthode conn -ligne 33
[INFO ] 2022-02-01 08:23:29.438 [AWT-EventQueue-0] ConnexionManager - connexionBD a russie -méthode conn -ligne 33
[INFO ] 2022-02-01 08:23:29.456 [AWT-EventQueue-0] ConnexionManager - connexionBD a russie -méthode conn -ligne 33
[INFO ] 2022-02-01 08:23:29.473 [AWT-EventQueue-0] ConnexionManager - connexionBD a russie -méthode conn -ligne 33
[INFO ] 2022-02-01 08:23:29.491 [AWT-EventQueue-0] ConnexionManager - connexionBD a russie -méthode conn -ligne 33
[INFO ] 2022-02-01 08:23:29.508 [AWT-EventQueue-0] ConnexionManager - connexionBD a russie -méthode conn -ligne 33
[INFO ] 2022-02-01 08:23:29.524 [AWT-EventQueue-0] ConnexionManager - connexionBD a russie -méthode conn -ligne 33
[INFO ] 2022-02-01 08:23:29.541 [AWT-EventQueue-0] ConnexionManager - connexionBD a russie -méthode conn -ligne 33
[INFO ] 2022-02-01 08:23:29.557 [AWT-EventQueue-0] ConnexionManager - connexionBD a russie -méthode conn -ligne 33
[INFO ] 2022-02-01 08:23:29.574 [AWT-EventQueue-0] ConnexionManager - connexionBD a russie -méthode conn -ligne 33
[INFO ] 2022-02-01 08:24:22.405 [AWT-EventQueue-0] ConnexionManager - connexionBD a russie -méthode conn -ligne 33
[INFO ] 2022-02-01 08:57:21.470 [fr.afpa.pompey.cda08.demo.App.main()] ConnexionManager - connexionBD a russie -méthode conn -ligne 33
[INFO ] 2022-02-01 10:34:49.347 [AWT-EventQueue-0] ConnexionManager - connexionBD a russie -méthode conn -ligne 33
[INFO ] 2022-02-01 10:34:49.385 [AWT-EventQueue-0] ConnexionManager - connexionBD a russie -méthode conn -ligne 33
[INFO ] 2022-02-01 10:34:49.403 [AWT-EventQueue-0] ConnexionManager - connexionBD a russie -méthode conn -ligne 33
[INFO ] 2022-02-01 10:34:49.420 [AWT-EventQueue-0] ConnexionManager - connexionBD a russie -méthode conn -ligne 33
[INFO ] 2022-02-01 10:34:49.435 [AWT-EventQueue-0] ConnexionManager - connexionBD a russie -méthode conn -ligne 33
[INFO ] 2022-02-01 10:34:49.451 [AWT-EventQueue-0] ConnexionManager - connexionBD a russie -méthode conn -ligne 33
[INFO ] 2022-02-01 10:34:49.466 [AWT-EventQueue-0] ConnexionManager - connexionBD a russie -méthode conn -ligne 33
[INFO ] 2022-02-01 10:34:49.480 [AWT-EventQueue-0] ConnexionManager - connexionBD a russie -méthode conn -ligne 33
[INFO ] 2022-02-01 10:34:49.495 [AWT-EventQueue-0] ConnexionManager - connexionBD a russie -méthode conn -ligne 33
[INFO ] 2022-02-01 10:34:49.509 [AWT-EventQueue-0] ConnexionManager - connexionBD a russie -méthode conn -ligne 33
[INFO ] 2022-02-01 10:34:49.523 [AWT-EventQueue-0] ConnexionManager - connexionBD a russie -méthode conn -ligne 33
[INFO ] 2022-02-01 10:34:53.986 [AWT-EventQueue-0] ConnexionManager - connexionBD a russie -méthode conn -ligne 33
[INFO ] 2022-02-01 11:22:03.031 [AWT-EventQueue-0] ConnexionManager - connexionBD a russie -méthode conn -ligne 33
[INFO ] 2022-02-01 11:22:03.068 [AWT-EventQueue-0] ConnexionManager - connexionBD a russie -méthode conn -ligne 33
[INFO ] 2022-02-01 11:22:03.088 [AWT-EventQueue-0] ConnexionManager - connexionBD a russie -méthode conn -ligne 33
[INFO ] 2022-02-01 11:22:03.105 [AWT-EventQueue-0] ConnexionManager - connexionBD a russie -méthode conn -ligne 33
[INFO ] 2022-02-01 11:22:03.122 [AWT-EventQueue-0] ConnexionManager - connexionBD a russie -méthode conn -ligne 33
[INFO ] 2022-02-01 11:22:03.139 [AWT-EventQueue-0] ConnexionManager - connexionBD a russie -méthode conn -ligne 33
[INFO ] 2022-02-01 11:22:03.155 [AWT-EventQueue-0] ConnexionManager - connexionBD a russie -méthode conn -ligne 33
[INFO ] 2022-02-01 11:22:03.170 [AWT-EventQueue-0] ConnexionManager - connexionBD a russie -méthode conn -ligne 33
[INFO ] 2022-02-01 11:22:03.184 [AWT-EventQueue-0] ConnexionManager - connexionBD a russie -méthode conn -ligne 33
[INFO ] 2022-02-01 11:22:03.199 [AWT-EventQueue-0] ConnexionManager - connexionBD a russie -méthode conn -ligne 33
[INFO ] 2022-02-01 11:22:03.213 [AWT-EventQueue-0] ConnexionManager - connexionBD a russie -méthode conn -ligne 33
[INFO ] 2022-02-01 11:22:04.009 [AWT-EventQueue-0] ConnexionManager - connexionBD a russie -méthode conn -ligne 33
[INFO ] 2022-02-01 11:22:04.025 [AWT-EventQueue-0] ConnexionManager - connexionBD a russie -méthode conn -ligne 33
[INFO ] 2022-02-01 11:22:04.040 [AWT-EventQueue-0] ConnexionManager - connexionBD a russie -méthode conn -ligne 33
[INFO ] 2022-02-01 11:22:04.054 [AWT-EventQueue-0] ConnexionManager - connexionBD a russie -méthode conn -ligne 33
[INFO ] 2022-02-01 11:22:04.070 [AWT-EventQueue-0] ConnexionManager - connexionBD a russie -méthode conn -ligne 33
[INFO ] 2022-02-03 10:10:27.359 [AWT-EventQueue-0] ConnexionManager - connexionBD a russie -méthode conn -ligne 35
[INFO ] 2022-02-03 10:10:27.397 [AWT-EventQueue-0] ConnexionManager - connexionBD a russie -méthode conn -ligne 35
[INFO ] 2022-02-03 10:10:27.417 [AWT-EventQueue-0] ConnexionManager - connexionBD a russie -méthode conn -ligne 35
[INFO ] 2022-02-03 10:10:27.435 [AWT-EventQueue-0] ConnexionManager - connexionBD a russie -méthode conn -ligne 35
[INFO ] 2022-02-03 10:10:27.452 [AWT-EventQueue-0] ConnexionManager - connexionBD a russie -méthode conn -ligne 35
[INFO ] 2022-02-03 10:10:27.469 [AWT-EventQueue-0] ConnexionManager - connexionBD a russie -méthode conn -ligne 35
[INFO ] 2022-02-03 10:10:27.484 [AWT-EventQueue-0] ConnexionManager - connexionBD a russie -méthode conn -ligne 35
[INFO ] 2022-02-03 10:10:27.499 [AWT-EventQueue-0] ConnexionManager - connexionBD a russie -méthode conn -ligne 35
[INFO ] 2022-02-03 10:10:27.513 [AWT-EventQueue-0] ConnexionManager - connexionBD a russie -méthode conn -ligne 35
[INFO ] 2022-02-03 10:10:28.192 [AWT-EventQueue-0] ConnexionManager - connexionBD a russie -méthode conn -ligne 35
[INFO ] 2022-02-03 10:10:28.207 [AWT-EventQueue-0] ConnexionManager - connexionBD a russie -méthode conn -ligne 35
[INFO ] 2022-02-03 10:10:28.222 [AWT-EventQueue-0] ConnexionManager - connexionBD a russie -méthode conn -ligne 35
[INFO ] 2022-02-03 10:10:28.238 [AWT-EventQueue-0] ConnexionManager - connexionBD a russie -méthode conn -ligne 35
[INFO ] 2022-02-03 10:10:28.252 [AWT-EventQueue-0] ConnexionManager - connexionBD a russie -méthode conn -ligne 35
[INFO ] 2022-02-03 10:10:28.267 [AWT-EventQueue-0] ConnexionManager - connexionBD a russie -méthode conn -ligne 35
[INFO ] 2022-02-03 10:10:28.282 [AWT-EventQueue-0] ConnexionManager - connexionBD a russie -méthode conn -ligne 35
[INFO ] 2022-02-03 10:10:28.295 [AWT-EventQueue-0] ConnexionManager - connexionBD a russie -méthode conn -ligne 35
[INFO ] 2022-02-03 10:10:28.309 [AWT-EventQueue-0] ConnexionManager - connexionBD a russie -méthode conn -ligne 35
[INFO ] 2022-02-03 10:10:28.323 [AWT-EventQueue-0] ConnexionManager - connexionBD a russie -méthode conn -ligne 35
[INFO ] 2022-02-03 10:10:28.336 [AWT-EventQueue-0] ConnexionManager - connexionBD a russie -méthode conn -ligne 35
[INFO ] 2022-02-03 10:10:28.350 [AWT-EventQueue-0] ConnexionManager - connexionBD a russie -méthode conn -ligne 35
[INFO ] 2022-02-03 10:10:28.363 [AWT-EventQueue-0] ConnexionManager - connexionBD a russie -méthode conn -ligne 35
[INFO ] 2022-02-03 10:10:28.377 [AWT-EventQueue-0] ConnexionManager - connexionBD a russie -méthode conn -ligne 35
[INFO ] 2022-02-03 10:10:28.391 [AWT-EventQueue-0] ConnexionManager - connexionBD a russie -méthode conn -ligne 35
[INFO ] 2022-02-03 10:10:30.851 [AWT-EventQueue-0] ConnexionManager - connexionBD a russie -méthode conn -ligne 35
[INFO ] 2022-02-03 10:10:30.865 [AWT-EventQueue-0] ConnexionManager - connexionBD a russie -méthode conn -ligne 35
[INFO ] 2022-02-03 10:10:30.878 [AWT-EventQueue-0] ConnexionManager - connexionBD a russie -méthode conn -ligne 35
[INFO ] 2022-02-03 10:10:30.891 [AWT-EventQueue-0] ConnexionManager - connexionBD a russie -méthode conn -ligne 35
[INFO ] 2022-02-03 10:10:30.905 [AWT-EventQueue-0] ConnexionManager - connexionBD a russie -méthode conn -ligne 35
[INFO ] 2022-02-03 10:10:30.920 [AWT-EventQueue-0] ConnexionManager - connexionBD a russie -méthode conn -ligne 35
[INFO ] 2022-02-03 10:10:30.934 [AWT-EventQueue-0] ConnexionManager - connexionBD a russie -méthode conn -ligne 35
[INFO ] 2022-02-03 10:10:30.947 [AWT-EventQueue-0] ConnexionManager - connexionBD a russie -méthode conn -ligne 35
[INFO ] 2022-02-03 10:10:30.961 [AWT-EventQueue-0] ConnexionManager - connexionBD a russie -méthode conn -ligne 35
[INFO ] 2022-02-03 10:10:31.610 [AWT-EventQueue-0] ConnexionManager - connexionBD a russie -méthode conn -ligne 35
[INFO ] 2022-02-03 10:10:31.625 [AWT-EventQueue-0] ConnexionManager - connexionBD a russie -méthode conn -ligne 35
[INFO ] 2022-02-03 10:10:31.649 [AWT-EventQueue-0] ConnexionManager - connexionBD a russie -méthode conn -ligne 35
[INFO ] 2022-02-03 10:10:31.662 [AWT-EventQueue-0] ConnexionManager - connexionBD a russie -méthode conn -ligne 35
[INFO ] 2022-02-03 10:10:31.674 [AWT-EventQueue-0] ConnexionManager - connexionBD a russie -méthode conn -ligne 35
[INFO ] 2022-02-03 10:10:33.512 [AWT-EventQueue-0] ConnexionManager - connexionBD a russie -méthode conn -ligne 35
[INFO ] 2022-02-03 10:10:33.534 [AWT-EventQueue-0] ConnexionManager - connexionBD a russie -méthode conn -ligne 35
[INFO ] 2022-02-03 10:10:33.546 [AWT-EventQueue-0] ConnexionManager - connexionBD a russie -méthode conn -ligne 35
[INFO ] 2022-02-03 10:10:33.559 [AWT-EventQueue-0] ConnexionManager - connexionBD a russie -méthode conn -ligne 35
[INFO ] 2022-02-03 10:10:33.572 [AWT-EventQueue-0] ConnexionManager - connexionBD a russie -méthode conn -ligne 35
[INFO ] 2022-02-03 10:10:33.585 [AWT-EventQueue-0] ConnexionManager - connexionBD a russie -méthode conn -ligne 35
[INFO ] 2022-02-03 10:10:33.598 [AWT-EventQueue-0] ConnexionManager - connexionBD a russie -méthode conn -ligne 35
[INFO ] 2022-02-03 10:10:37.793 [AWT-EventQueue-0] ConnexionManager - connexionBD a russie -méthode conn -ligne 35
[INFO ] 2022-02-03 10:10:37.812 [AWT-EventQueue-0] ConnexionManager - connexionBD a russie -méthode conn -ligne 35
[INFO ] 2022-02-03 10:10:37.828 [AWT-EventQueue-0] ConnexionManager - connexionBD a russie -méthode conn -ligne 35
[INFO ] 2022-02-03 10:10:37.841 [AWT-EventQueue-0] ConnexionManager - connexionBD a russie -méthode conn -ligne 35
[INFO ] 2022-02-03 10:10:37.854 [AWT-EventQueue-0] ConnexionManager - connexionBD a russie -méthode conn -ligne 35
[INFO ] 2022-02-03 10:10:37.867 [AWT-EventQueue-0] ConnexionManager - connexionBD a russie -méthode conn -ligne 35
[INFO ] 2022-02-03 10:10:37.880 [AWT-EventQueue-0] ConnexionManager - connexionBD a russie -méthode conn -ligne 35
[INFO ] 2022-02-03 10:10:37.895 [AWT-EventQueue-0] ConnexionManager - connexionBD a russie -méthode conn -ligne 35
[INFO ] 2022-02-03 10:10:37.909 [AWT-EventQueue-0] ConnexionManager - connexionBD a russie -méthode conn -ligne 35
[INFO ] 2022-02-03 10:10:37.924 [AWT-EventQueue-0] ConnexionManager - connexionBD a russie -méthode conn -ligne 35
[INFO ] 2022-02-03 10:10:37.940 [AWT-EventQueue-0] ConnexionManager - connexionBD a russie -méthode conn -ligne 35
[INFO ] 2022-02-03 10:10:37.953 [AWT-EventQueue-0] ConnexionManager - connexionBD a russie -méthode conn -ligne 35
[INFO ] 2022-02-03 10:10:37.966 [AWT-EventQueue-0] ConnexionManager - connexionBD a russie -méthode conn -ligne 35
[INFO ] 2022-02-03 10:10:37.979 [AWT-EventQueue-0] ConnexionManager - connexionBD a russie -méthode conn -ligne 35
[INFO ] 2022-02-03 10:10:37.992 [AWT-EventQueue-0] ConnexionManager - connexionBD a russie -méthode conn -ligne 35
[INFO ] 2022-02-03 10:10:38.005 [AWT-EventQueue-0] ConnexionManager - connexionBD a russie -méthode conn -ligne 35
[INFO ] 2022-02-03 10:10:38.017 [AWT-EventQueue-0] ConnexionManager - connexionBD a russie -méthode conn -ligne 35
[INFO ] 2022-02-03 10:10:38.030 [AWT-EventQueue-0] ConnexionManager - connexionBD a russie -méthode conn -ligne 35
[INFO ] 2022-02-03 10:10:38.043 [AWT-EventQueue-0] ConnexionManager - connexionBD a russie -méthode conn -ligne 35
[INFO ] 2022-02-03 10:10:38.056 [AWT-EventQueue-0] ConnexionManager - connexionBD a russie -méthode conn -ligne 35
[INFO ] 2022-02-03 10:10:38.069 [AWT-EventQueue-0] ConnexionManager - connexionBD a russie -méthode conn -ligne 35
[INFO ] 2022-02-03 10:10:38.690 [AWT-EventQueue-0] ConnexionManager - connexionBD a russie -méthode conn -ligne 35
[INFO ] 2022-02-03 10:10:38.701 [AWT-EventQueue-0] ConnexionManager - connexionBD a russie -méthode conn -ligne 35
[INFO ] 2022-02-03 10:10:38.713 [AWT-EventQueue-0] ConnexionManager - connexionBD a russie -méthode conn -ligne 35
[INFO ] 2022-02-03 10:10:38.725 [AWT-EventQueue-0] ConnexionManager - connexionBD a russie -méthode conn -ligne 35
[INFO ] 2022-02-03 10:10:38.739 [AWT-EventQueue-0] ConnexionManager - connexionBD a russie -méthode conn -ligne 35
[INFO ] 2022-02-03 10:10:38.750 [AWT-EventQueue-0] ConnexionManager - connexionBD a russie -méthode conn -ligne 35
[INFO ] 2022-02-03 10:10:38.763 [AWT-EventQueue-0] ConnexionManager - connexionBD a russie -méthode conn -ligne 35
[INFO ] 2022-02-03 10:10:38.776 [AWT-EventQueue-0] ConnexionManager - connexionBD a russie -méthode conn -ligne 35
[INFO ] 2022-02-03 10:10:38.788 [AWT-EventQueue-0] ConnexionManager - connexionBD a russie -méthode conn -ligne 35
[INFO ] 2022-02-03 10:10:38.801 [AWT-EventQueue-0] ConnexionManager - connexionBD a russie -méthode conn -ligne 35
[INFO ] 2022-02-03 10:10:38.813 [AWT-EventQueue-0] ConnexionManager - connexionBD a russie -méthode conn -ligne 35
[INFO ] 2022-02-03 10:10:38.825 [AWT-EventQueue-0] ConnexionManager - connexionBD a russie -méthode conn -ligne 35
[INFO ] 2022-02-03 10:10:38.837 [AWT-EventQueue-0] ConnexionManager - connexionBD a russie -méthode conn -ligne 35
[INFO ] 2022-02-03 10:10:38.850 [AWT-EventQueue-0] ConnexionManager - connexionBD a russie -méthode conn -ligne 35
[INFO ] 2022-02-03 10:10:38.862 [AWT-EventQueue-0] ConnexionManager - connexionBD a russie -méthode conn -ligne 35
[INFO ] 2022-02-03 10:10:38.874 [AWT-EventQueue-0] ConnexionManager - connexionBD a russie -méthode conn -ligne 35
[INFO ] 2022-02-03 10:10:38.886 [AWT-EventQueue-0] ConnexionManager - connexionBD a russie -méthode conn -ligne 35
[INFO ] 2022-02-03 10:10:38.899 [AWT-EventQueue-0] ConnexionManager - connexionBD a russie -méthode conn -ligne 35
[INFO ] 2022-02-03 10:10:38.911 [AWT-EventQueue-0] ConnexionManager - connexionBD a russie -méthode conn -ligne 35
[INFO ] 2022-02-03 10:10:38.923 [AWT-EventQueue-0] ConnexionManager - connexionBD a russie -méthode conn -ligne 35
[INFO ] 2022-02-03 10:10:38.936 [AWT-EventQueue-0] ConnexionManager - connexionBD a russie -méthode conn -ligne 35
[INFO ] 2022-02-03 10:10:38.950 [AWT-EventQueue-0] ConnexionManager - connexionBD a russie -méthode conn -ligne 35
[INFO ] 2022-02-03 10:10:38.962 [AWT-EventQueue-0] ConnexionManager - connexionBD a russie -méthode conn -ligne 35
[INFO ] 2022-02-03 10:10:38.975 [AWT-EventQueue-0] ConnexionManager - connexionBD a russie -méthode conn -ligne 35
[INFO ] 2022-02-03 10:10:38.988 [AWT-EventQueue-0] ConnexionManager - connexionBD a russie -méthode conn -ligne 35
[INFO ] 2022-02-03 10:10:39.000 [AWT-EventQueue-0] ConnexionManager - connexionBD a russie -méthode conn -ligne 35
[INFO ] 2022-02-03 10:10:39.012 [AWT-EventQueue-0] ConnexionManager - connexionBD a russie -méthode conn -ligne 35
[INFO ] 2022-02-03 10:10:39.024 [AWT-EventQueue-0] ConnexionManager - connexionBD a russie -méthode conn -ligne 35
[INFO ] 2022-02-03 10:10:39.037 [AWT-EventQueue-0] ConnexionManager - connexionBD a russie -méthode conn -ligne 35
[INFO ] 2022-02-03 10:10:39.050 [AWT-EventQueue-0] ConnexionManager - connexionBD a russie -méthode conn -ligne 35
[INFO ] 2022-02-03 10:10:39.063 [AWT-EventQueue-0] ConnexionManager - connexionBD a russie -méthode conn -ligne 35
[INFO ] 2022-02-03 10:10:39.076 [AWT-EventQueue-0] ConnexionManager - connexionBD a russie -méthode conn -ligne 35
[INFO ] 2022-02-03 10:10:39.088 [AWT-EventQueue-0] ConnexionManager - connexionBD a russie -méthode conn -ligne 35
[INFO ] 2022-02-03 10:10:41.203 [AWT-EventQueue-0] ConnexionManager - connexionBD a russie -méthode conn -ligne 35
[INFO ] 2022-02-03 10:10:41.216 [AWT-EventQueue-0] ConnexionManager - connexionBD a russie -méthode conn -ligne 35
[INFO ] 2022-02-03 10:10:41.230 [AWT-EventQueue-0] ConnexionManager - connexionBD a russie -méthode conn -ligne 35
[INFO ] 2022-02-03 10:10:41.251 [AWT-EventQueue-0] ConnexionManager - connexionBD a russie -méthode conn -ligne 35
[INFO ] 2022-02-03 10:10:41.263 [AWT-EventQueue-0] ConnexionManager - connexionBD a russie -méthode conn -ligne 35
[INFO ] 2022-02-03 10:10:41.273 [AWT-EventQueue-0] ConnexionManager - connexionBD a russie -méthode conn -ligne 35
[INFO ] 2022-02-03 10:10:41.284 [AWT-EventQueue-0] ConnexionManager - connexionBD a russie -méthode conn -ligne 35
[INFO ] 2022-02-03 10:10:41.296 [AWT-EventQueue-0] ConnexionManager - connexionBD a russie -méthode conn -ligne 35
[INFO ] 2022-02-03 10:10:41.307 [AWT-EventQueue-0] ConnexionManager - connexionBD a russie -méthode conn -ligne 35
[INFO ] 2022-02-03 10:10:41.319 [AWT-EventQueue-0] ConnexionManager - connexionBD a russie -méthode conn -ligne 35
[INFO ] 2022-02-03 10:10:41.330 [AWT-EventQueue-0] ConnexionManager - connexionBD a russie -méthode conn -ligne 35
[INFO ] 2022-02-03 10:10:41.342 [AWT-EventQueue-0] ConnexionManager - connexionBD a russie -méthode conn -ligne 35
[INFO ] 2022-02-03 10:10:41.354 [AWT-EventQueue-0] ConnexionManager - connexionBD a russie -méthode conn -ligne 35
[INFO ] 2022-02-03 10:10:41.365 [AWT-EventQueue-0] ConnexionManager - connexionBD a russie -méthode conn -ligne 35
[INFO ] 2022-02-03 10:10:41.376 [AWT-EventQueue-0] ConnexionManager - connexionBD a russie -méthode conn -ligne 35
[INFO ] 2022-02-03 10:10:41.387 [AWT-EventQueue-0] ConnexionManager - connexionBD a russie -méthode conn -ligne 35
[INFO ] 2022-02-03 10:10:41.399 [AWT-EventQueue-0] ConnexionManager - connexionBD a russie -méthode conn -ligne 35
[INFO ] 2022-02-03 10:10:41.410 [AWT-EventQueue-0] ConnexionManager - connexionBD a russie -méthode conn -ligne 35
[INFO ] 2022-02-03 10:10:41.422 [AWT-EventQueue-0] ConnexionManager - connexionBD a russie -méthode conn -ligne 35
[INFO ] 2022-02-03 10:10:41.435 [AWT-EventQueue-0] ConnexionManager - connexionBD a russie -méthode conn -ligne 35
[INFO ] 2022-02-03 10:10:41.447 [AWT-EventQueue-0] ConnexionManager - connexionBD a russie -méthode conn -ligne 35
[INFO ] 2022-02-03 10:10:55.489 [AWT-EventQueue-0] ConnexionManager - connexionBD a russie -méthode conn -ligne 35
[INFO ] 2022-02-03 10:10:57.615 [AWT-EventQueue-0] ConnexionManager - connexionBD a russie -méthode conn -ligne 35
[INFO ] 2022-02-03 10:10:57.627 [AWT-EventQueue-0] ConnexionManager - connexionBD a russie -méthode conn -ligne 35
[INFO ] 2022-02-03 10:10:57.638 [AWT-EventQueue-0] ConnexionManager - connexionBD a russie -méthode conn -ligne 35
[INFO ] 2022-02-03 10:10:57.649 [AWT-EventQueue-0] ConnexionManager - connexionBD a russie -méthode conn -ligne 35
[INFO ] 2022-02-03 10:10:57.661 [AWT-EventQueue-0] ConnexionManager - connexionBD a russie -méthode conn -ligne 35
[INFO ] 2022-02-03 10:10:57.673 [AWT-EventQueue-0] ConnexionManager - connexionBD a russie -méthode conn -ligne 35
[INFO ] 2022-02-03 10:10:57.685 [AWT-EventQueue-0] ConnexionManager - connexionBD a russie -méthode conn -ligne 35
[INFO ] 2022-02-03 10:10:57.696 [AWT-EventQueue-0] ConnexionManager - connexionBD a russie -méthode conn -ligne 35
[INFO ] 2022-02-03 10:10:57.707 [AWT-EventQueue-0] ConnexionManager - connexionBD a russie -méthode conn -ligne 35
[INFO ] 2022-02-03 10:10:57.719 [AWT-EventQueue-0] ConnexionManager - connexionBD a russie -méthode conn -ligne 35
[INFO ] 2022-02-03 10:10:57.731 [AWT-EventQueue-0] ConnexionManager - connexionBD a russie -méthode conn -ligne 35
[INFO ] 2022-02-03 10:10:57.742 [AWT-EventQueue-0] ConnexionManager - connexionBD a russie -méthode conn -ligne 35
[INFO ] 2022-02-03 10:10:57.753 [AWT-EventQueue-0] ConnexionManager - connexionBD a russie -méthode conn -ligne 35
[INFO ] 2022-02-03 10:10:57.765 [AWT-EventQueue-0] ConnexionManager - connexionBD a russie -méthode conn -ligne 35
[INFO ] 2022-02-03 10:10:57.776 [AWT-EventQueue-0] ConnexionManager - connexionBD a russie -méthode conn -ligne 35
[INFO ] 2022-02-03 10:10:57.787 [AWT-EventQueue-0] ConnexionManager - connexionBD a russie -méthode conn -ligne 35
[INFO ] 2022-02-03 10:10:57.798 [AWT-EventQueue-0] ConnexionManager - connexionBD a russie -méthode conn -ligne 35
[INFO ] 2022-02-03 10:10:57.809 [AWT-EventQueue-0] ConnexionManager - connexionBD a russie -méthode conn -ligne 35
[INFO ] 2022-02-03 10:10:57.820 [AWT-EventQueue-0] ConnexionManager - connexionBD a russie -méthode conn -ligne 35
[INFO ] 2022-02-03 10:10:57.832 [AWT-EventQueue-0] ConnexionManager - connexionBD a russie -méthode conn -ligne 35
[INFO ] 2022-02-03 10:10:57.843 [AWT-EventQueue-0] ConnexionManager - connexionBD a russie -méthode conn -ligne 35
[INFO ] 2022-02-03 10:11:04.950 [AWT-EventQueue-0] ConnexionManager - connexionBD a russie -méthode conn -ligne 35
[INFO ] 2022-02-03 10:11:04.962 [AWT-EventQueue-0] ConnexionManager - connexionBD a russie -méthode conn -ligne 35
[INFO ] 2022-02-03 10:11:04.973 [AWT-EventQueue-0] ConnexionManager - connexionBD a russie -méthode conn -ligne 35
[INFO ] 2022-02-03 10:11:04.984 [AWT-EventQueue-0] ConnexionManager - connexionBD a russie -méthode conn -ligne 35
[INFO ] 2022-02-03 10:11:04.996 [AWT-EventQueue-0] ConnexionManager - connexionBD a russie -méthode conn -ligne 35
[INFO ] 2022-02-03 10:11:05.007 [AWT-EventQueue-0] ConnexionManager - connexionBD a russie -méthode conn -ligne 35
[INFO ] 2022-02-03 10:11:05.018 [AWT-EventQueue-0] ConnexionManager - connexionBD a russie -méthode conn -ligne 35
[INFO ] 2022-02-03 10:11:05.029 [AWT-EventQueue-0] ConnexionManager - connexionBD a russie -méthode conn -ligne 35
[INFO ] 2022-02-03 10:11:05.040 [AWT-EventQueue-0] ConnexionManager - connexionBD a russie -méthode conn -ligne 35
[INFO ] 2022-02-03 10:11:05.052 [AWT-EventQueue-0] ConnexionManager - connexionBD a russie -méthode conn -ligne 35
[INFO ] 2022-02-03 10:11:05.064 [AWT-EventQueue-0] ConnexionManager - connexionBD a russie -méthode conn -ligne 35
[INFO ] 2022-02-03 10:11:05.075 [AWT-EventQueue-0] ConnexionManager - connexionBD a russie -méthode conn -ligne 35
[INFO ] 2022-02-03 10:11:05.086 [AWT-EventQueue-0] ConnexionManager - connexionBD a russie -méthode conn -ligne 35
[INFO ] 2022-02-03 10:11:05.097 [AWT-EventQueue-0] ConnexionManager - connexionBD a russie -méthode conn -ligne 35
[INFO ] 2022-02-03 10:11:05.108 [AWT-EventQueue-0] ConnexionManager - connexionBD a russie -méthode conn -ligne 35
[INFO ] 2022-02-03 10:11:05.121 [AWT-EventQueue-0] ConnexionManager - connexionBD a russie -méthode conn -ligne 35
[INFO ] 2022-02-03 10:11:05.131 [AWT-EventQueue-0] ConnexionManager - connexionBD a russie -méthode conn -ligne 35
[INFO ] 2022-02-03 10:11:05.143 [AWT-EventQueue-0] ConnexionManager - connexionBD a russie -méthode conn -ligne 35
[INFO ] 2022-02-03 10:11:05.154 [AWT-EventQueue-0] ConnexionManager - connexionBD a russie -méthode conn -ligne 35
[INFO ] 2022-02-03 10:11:05.165 [AWT-EventQueue-0] ConnexionManager - connexionBD a russie -méthode conn -ligne 35
[INFO ] 2022-02-03 10:11:05.176 [AWT-EventQueue-0] ConnexionManager - connexionBD a russie -méthode conn -ligne 35
[INFO ] 2022-02-03 10:11:10.370 [AWT-EventQueue-0] ConnexionManager - connexionBD a russie -méthode conn -ligne 35
[INFO ] 2022-02-03 10:11:13.023 [AWT-EventQueue-0] ConnexionManager - connexionBD a russie -méthode conn -ligne 35
[INFO ] 2022-02-03 10:11:13.034 [AWT-EventQueue-0] ConnexionManager - connexionBD a russie -méthode conn -ligne 35
[INFO ] 2022-02-03 10:11:13.050 [AWT-EventQueue-0] ConnexionManager - connexionBD a russie -méthode conn -ligne 35
[INFO ] 2022-02-03 10:11:13.061 [AWT-EventQueue-0] ConnexionManager - connexionBD a russie -méthode conn -ligne 35
[INFO ] 2022-02-03 10:11:13.071 [AWT-EventQueue-0] ConnexionManager - connexionBD a russie -méthode conn -ligne 35
[INFO ] 2022-02-03 10:11:13.082 [AWT-EventQueue-0] ConnexionManager - connexionBD a russie -méthode conn -ligne 35
[INFO ] 2022-02-03 10:11:13.093 [AWT-EventQueue-0] ConnexionManager - connexionBD a russie -méthode conn -ligne 35
[INFO ] 2022-02-03 10:11:13.104 [AWT-EventQueue-0] ConnexionManager - connexionBD a russie -méthode conn -ligne 35
[INFO ] 2022-02-03 10:11:13.114 [AWT-EventQueue-0] ConnexionManager - connexionBD a russie -méthode conn -ligne 35
[INFO ] 2022-02-03 10:11:13.984 [AWT-EventQueue-0] ConnexionManager - connexionBD a russie -méthode conn -ligne 35
[INFO ] 2022-02-03 10:11:13.994 [AWT-EventQueue-0] ConnexionManager - connexionBD a russie -méthode conn -ligne 35
[INFO ] 2022-02-03 10:11:14.005 [AWT-EventQueue-0] ConnexionManager - connexionBD a russie -méthode conn -ligne 35
[INFO ] 2022-02-03 10:11:14.015 [AWT-EventQueue-0] ConnexionManager - connexionBD a russie -méthode conn -ligne 35
[INFO ] 2022-02-03 10:11:14.026 [AWT-EventQueue-0] ConnexionManager - connexionBD a russie -méthode conn -ligne 35
[INFO ] 2022-02-03 10:11:14.036 [AWT-EventQueue-0] ConnexionManager - connexionBD a russie -méthode conn -ligne 35
[INFO ] 2022-02-03 10:11:14.047 [AWT-EventQueue-0] ConnexionManager - connexionBD a russie -méthode conn -ligne 35
[INFO ] 2022-02-03 10:11:14.059 [AWT-EventQueue-0] ConnexionManager - connexionBD a russie -méthode conn -ligne 35
[INFO ] 2022-02-03 10:11:14.069 [AWT-EventQueue-0] ConnexionManager - connexionBD a russie -méthode conn -ligne 35
[INFO ] 2022-02-03 10:11:14.079 [AWT-EventQueue-0] ConnexionManager - connexionBD a russie -méthode conn -ligne 35
[INFO ] 2022-02-03 10:11:14.091 [AWT-EventQueue-0] ConnexionManager - connexionBD a russie -méthode conn -ligne 35
[INFO ] 2022-02-03 10:11:14.103 [AWT-EventQueue-0] ConnexionManager - connexionBD a russie -méthode conn -ligne 35
[INFO ] 2022-02-03 10:11:14.114 [AWT-EventQueue-0] ConnexionManager - connexionBD a russie -méthode conn -ligne 35
[INFO ] 2022-02-03 10:11:14.124 [AWT-EventQueue-0] ConnexionManager - connexionBD a russie -méthode conn -ligne 35
[INFO ] 2022-02-03 10:11:14.134 [AWT-EventQueue-0] ConnexionManager - connexionBD a russie -méthode conn -ligne 35
[INFO ] 2022-02-03 10:11:17.312 [AWT-EventQueue-0] ConnexionManager - connexionBD a russie -méthode conn -ligne 35
[INFO ] 2022-02-03 10:11:17.323 [AWT-EventQueue-0] ConnexionManager - connexionBD a russie -méthode conn -ligne 35
[INFO ] 2022-02-03 10:11:17.334 [AWT-EventQueue-0] ConnexionManager - connexionBD a russie -méthode conn -ligne 35
[INFO ] 2022-02-03 10:11:17.345 [AWT-EventQueue-0] ConnexionManager - connexionBD a russie -méthode conn -ligne 35
[INFO ] 2022-02-03 10:11:17.356 [AWT-EventQueue-0] ConnexionManager - connexionBD a russie -méthode conn -ligne 35
[INFO ] 2022-02-03 10:11:17.367 [AWT-EventQueue-0] ConnexionManager - connexionBD a russie -méthode conn -ligne 35
[INFO ] 2022-02-03 10:11:17.378 [AWT-EventQueue-0] ConnexionManager - connexionBD a russie -méthode conn -ligne 35
[INFO ] 2022-02-03 10:11:17.389 [AWT-EventQueue-0] ConnexionManager - connexionBD a russie -méthode conn -ligne 35
[INFO ] 2022-02-03 10:11:17.398 [AWT-EventQueue-0] ConnexionManager - connexionBD a russie -méthode conn -ligne 35
[INFO ] 2022-02-03 10:11:19.631 [AWT-EventQueue-0] ConnexionManager - connexionBD a russie -méthode conn -ligne 35
[INFO ] 2022-02-03 10:11:19.651 [AWT-EventQueue-0] ConnexionManager - connexionBD a russie -méthode conn -ligne 35
[INFO ] 2022-02-03 10:11:19.662 [AWT-EventQueue-0] ConnexionManager - connexionBD a russie -méthode conn -ligne 35
[INFO ] 2022-02-03 10:11:19.673 [AWT-EventQueue-0] ConnexionManager - connexionBD a russie -méthode conn -ligne 35
[INFO ] 2022-02-03 10:11:19.684 [AWT-EventQueue-0] ConnexionManager - connexionBD a russie -méthode conn -ligne 35
